This is pdfTeX, Version 3.1415926-2.3-1.40.12 (MiKTeX 2.9) (preloaded format=latex 2014.7.29)  13 MAY 2015 21:47
entering extended mode
**INTRODUCTION.tex
(D:\LearningSoftware\winEdit\workspace\2015-05-VLDB-IS\KaGPC\INTRODUCTION.tex
LaTeX2e <2011/06/27>
Babel <v3.8m> and hyphenation patterns for loaded.

! LaTeX Error: Missing \begin{document}.

See the LaTeX manual or LaTeX Companion for explanation.
Type  H <return>  for immediate help.
 ...                                              
                                                  
l.2 W
     ith the development of information technology (e.g., GIS), as well as i...

? 
! Emergency stop.
 ...                                              
                                                  
l.2 W
     ith the development of information technology (e.g., GIS), as well as i...

You're in trouble here.  Try typing  <return>  to proceed.
If that doesn't work, type  X <return>  to quit.

 
Here is how much of TeX's memory you used:
 8 strings out of 495355
 425 string characters out of 3182146
 44842 words of memory out of 3000000
 3276 multiletter control sequences out of 15000+200000
 3640 words of font info for 14 fonts, out of 3000000 for 9000
 14 hyphenation exceptions out of 8191
 6i,0n,4p,683b,14s stack positions out of 5000i,500n,10000p,200000b,50000s
No pages of output.
