This is pdfTeX, Version 3.1415926-2.3-1.40.12 (MiKTeX 2.9) (preloaded format=pdflatex 2015.7.24)  15 SEP 2015 11:09
entering extended mode
**main.tex

(G:\software\LearnSoftware\winEdit9.0\workspace\2015-09-ISMajorModify\ISMKAGWC\
KaGPC\main.tex
LaTeX2e <2011/06/27>
Babel <v3.8m> and hyphenation patterns for loaded.

(G:\software\LearnSoftware\winEdit9.0\workspace\2015-09-ISMajorModify\ISMKAGWC\
KaGPC\elsarticle.cls
Document Class: elsarticle 2010/06/11, 1.21: Elsevier Ltd
\@bls=\dimen102

(G:\software\LearnSoftware\winEdit9.0\ctexInstallFile\CTEX\MiKTeX\tex\latex\bas
e\article.cls
Document Class: article 2007/10/19 v1.4h Standard LaTeX document class

(G:\software\LearnSoftware\winEdit9.0\ctexInstallFile\CTEX\MiKTeX\tex\latex\bas
e\size10.clo
File: size10.clo 2007/10/19 v1.4h Standard LaTeX file (size option)
)
\c@part=\count79
\c@section=\count80
\c@subsection=\count81
\c@subsubsection=\count82
\c@paragraph=\count83
\c@subparagraph=\count84
\c@figure=\count85
\c@table=\count86
\abovecaptionskip=\skip41
\belowcaptionskip=\skip42
\bibindent=\dimen103
)
(G:\software\LearnSoftware\winEdit9.0\ctexInstallFile\CTEX\MiKTeX\tex\latex\gra
phics\graphicx.sty
Package: graphicx 1999/02/16 v1.0f Enhanced LaTeX Graphics (DPC,SPQR)

(G:\software\LearnSoftware\winEdit9.0\ctexInstallFile\CTEX\MiKTeX\tex\latex\gra
phics\keyval.sty
Package: keyval 1999/03/16 v1.13 key=value parser (DPC)
\KV@toks@=\toks14
)
(G:\software\LearnSoftware\winEdit9.0\ctexInstallFile\CTEX\MiKTeX\tex\latex\gra
phics\graphics.sty
Package: graphics 2009/02/05 v1.0o Standard LaTeX Graphics (DPC,SPQR)

(G:\software\LearnSoftware\winEdit9.0\ctexInstallFile\CTEX\MiKTeX\tex\latex\gra
phics\trig.sty
Package: trig 1999/03/16 v1.09 sin cos tan (DPC)
)
(G:\software\LearnSoftware\winEdit9.0\ctexInstallFile\CTEX\MiKTeX\tex\latex\00m
iktex\graphics.cfg
File: graphics.cfg 2007/01/18 v1.5 graphics configuration of teTeX/TeXLive
)
Package graphics Info: Driver file: pdftex.def on input line 91.

(G:\software\LearnSoftware\winEdit9.0\ctexInstallFile\CTEX\MiKTeX\tex\latex\pdf
tex-def\pdftex.def
File: pdftex.def 2011/05/27 v0.06d Graphics/color for pdfTeX

(G:\software\LearnSoftware\winEdit9.0\ctexInstallFile\CTEX\MiKTeX\tex\generic\o
berdiek\infwarerr.sty
Package: infwarerr 2010/04/08 v1.3 Providing info/warning/message (HO)
)
(G:\software\LearnSoftware\winEdit9.0\ctexInstallFile\CTEX\MiKTeX\tex\generic\o
berdiek\ltxcmds.sty
Package: ltxcmds 2011/04/18 v1.20 LaTeX kernel commands for general use (HO)
)
\Gread@gobject=\count87
))
\Gin@req@height=\dimen104
\Gin@req@width=\dimen105
)
(G:\software\LearnSoftware\winEdit9.0\ctexInstallFile\CTEX\MiKTeX\tex\latex\psn
fss\pifont.sty
Package: pifont 2005/04/12 PSNFSS-v9.2a Pi font support (SPQR) 
LaTeX Font Info:    Try loading font information for U+pzd on input line 63.

(G:\software\LearnSoftware\winEdit9.0\ctexInstallFile\CTEX\MiKTeX\tex\latex\psn
fss\upzd.fd
File: upzd.fd 2001/06/04 font definitions for U/pzd.
)
LaTeX Font Info:    Try loading font information for U+psy on input line 64.

(G:\software\LearnSoftware\winEdit9.0\ctexInstallFile\CTEX\MiKTeX\tex\latex\psn
fss\upsy.fd
File: upsy.fd 2001/06/04 font definitions for U/psy.
))
\c@tnote=\count88
\c@fnote=\count89
\c@cnote=\count90
\c@ead=\count91
\c@author=\count92
\@eadauthor=\toks15
\c@affn=\count93
\absbox=\box26
\keybox=\box27
\Columnwidth=\dimen106
\space@left=\dimen107
\els@boxa=\box28
\els@boxb=\box29
\leftMargin=\dimen108
\@enLab=\toks16
\@sep=\skip43
\@@sep=\skip44

(G:\software\LearnSoftware\winEdit9.0\workspace\2015-09-ISMajorModify\ISMKAGWC\
KaGPC\main.spl)
(G:\software\LearnSoftware\winEdit9.0\ctexInstallFile\CTEX\UserData\tex\latex\n
atbib\natbib.sty
Package: natbib 2010/09/13 8.31b (PWD, AO)
\bibhang=\skip45
\bibsep=\skip46
LaTeX Info: Redefining \cite on input line 694.
\c@NAT@ctr=\count94
)
\splwrite=\write3

(G:\software\LearnSoftware\winEdit9.0\ctexInstallFile\CTEX\MiKTeX\tex\latex\geo
metry\geometry.sty
Package: geometry 2010/09/12 v5.6 Page Geometry

(G:\software\LearnSoftware\winEdit9.0\ctexInstallFile\CTEX\MiKTeX\tex\generic\o
berdiek\ifpdf.sty
Package: ifpdf 2011/01/30 v2.3 Provides the ifpdf switch (HO)
Package ifpdf Info: pdfTeX in PDF mode is detected.
)
(G:\software\LearnSoftware\winEdit9.0\ctexInstallFile\CTEX\MiKTeX\tex\generic\o
berdiek\ifvtex.sty
Package: ifvtex 2010/03/01 v1.5 Switches for detecting VTeX and its modes (HO)
Package ifvtex Info: VTeX not detected.
)
(G:\software\LearnSoftware\winEdit9.0\ctexInstallFile\CTEX\MiKTeX\tex\generic\i
fxetex\ifxetex.sty
Package: ifxetex 2010/09/12 v0.6 Provides ifxetex conditional
)
\Gm@cnth=\count95
\Gm@cntv=\count96
\c@Gm@tempcnt=\count97
\Gm@bindingoffset=\dimen109
\Gm@wd@mp=\dimen110
\Gm@odd@mp=\dimen111
\Gm@even@mp=\dimen112
\Gm@layoutwidth=\dimen113
\Gm@layoutheight=\dimen114
\Gm@layouthoffset=\dimen115
\Gm@layoutvoffset=\dimen116
\Gm@dimlist=\toks17

(G:\software\LearnSoftware\winEdit9.0\ctexInstallFile\CTEX\MiKTeX\tex\latex\geo
metry\geometry.cfg))
\appnamewidth=\dimen117
)
(G:\software\LearnSoftware\winEdit9.0\ctexInstallFile\CTEX\UserData\tex\latex\p
reprint\balance.sty
Package: balance 1999/02/23 4.3 (PWD)
\oldvsize=\dimen118
)
(G:\software\LearnSoftware\winEdit9.0\ctexInstallFile\CTEX\UserData\tex\latex\b
ezos\accents.sty
Package: accents 2006/05/12 v1.3 Math Accent Tools
\cc@skew=\dimen119
\cc@wd=\dimen120
\cc@code=\count98
\cc@group=\count99
\cc@skewchar=\count100
)
(G:\software\LearnSoftware\winEdit9.0\ctexInstallFile\CTEX\UserData\tex\latex\s
ubfigure\subfigure.sty
Package: subfigure 2002/07/30 v2.1.4 subfigure package
\subfigtopskip=\skip47
\subfigcapskip=\skip48
\subfigcaptopadj=\dimen121
\subfigbottomskip=\skip49
\subfigcapmargin=\dimen122
\subfiglabelskip=\skip50
\c@subfigure=\count101
\c@lofdepth=\count102
\c@subtable=\count103
\c@lotdepth=\count104

****************************************
* Local config file subfigure.cfg used *
****************************************

(G:\software\LearnSoftware\winEdit9.0\ctexInstallFile\CTEX\UserData\tex\latex\s
ubfigure\subfigure.cfg)
\subfig@top=\skip51
\subfig@bottom=\skip52
)
(G:\software\LearnSoftware\winEdit9.0\ctexInstallFile\CTEX\UserData\tex\latex\e
numitem\enumitem.sty
Package: enumitem 2011/09/28 v3.5.2 Customized lists
\labelindent=\skip53
\enit@outerparindent=\dimen123
\enit@toks=\toks18
\enit@inbox=\box30
\enitdp@description=\count105
)
(G:\software\LearnSoftware\winEdit9.0\ctexInstallFile\CTEX\UserData\tex\latex\a
lgorithm2e\algorithm2e.sty
Package: algorithm2e 2013/01/06 v5.00 algorithms environments
\c@AlgoLine=\count106

(G:\software\LearnSoftware\winEdit9.0\ctexInstallFile\CTEX\MiKTeX\tex\latex\bas
e\ifthen.sty
Package: ifthen 2001/05/26 v1.1c Standard LaTeX ifthen package (DPC)
)
(G:\software\LearnSoftware\winEdit9.0\ctexInstallFile\CTEX\MiKTeX\tex\latex\too
ls\xspace.sty
Package: xspace 2009/10/20 v1.13 Space after command names (DPC,MH)
)
(G:\software\LearnSoftware\winEdit9.0\ctexInstallFile\CTEX\MiKTeX\tex\latex\ltx
misc\relsize.sty
Package: relsize 2003/07/04 ver 3.1
)
********************************************************
Package `algorithm2e' Release 5.0 -- january 06 2013 --
- algorithm2e-announce@lirmm.fr mailing list for announcement about releases
- algorithm2e-discussion@lirmm.fr mailing list for discussion about package
subscribe by emailing sympa@lirmm.fr with 'subscribe <list> <firstname name>'
- Author: Christophe Fiorio (cfiorio@um2.fr)
********************************************************
\skiptotal=\skip54
\skiplinenumber=\skip55
\skiprule=\skip56
\skiphlne=\skip57
\skiptext=\skip58
\skiplength=\skip59
\algomargin=\skip60
\skipalgocfslide=\skip61
\algowidth=\dimen124
\inoutsize=\dimen125
\inoutindent=\dimen126
\interspacetitleruled=\dimen127
\interspacealgoruled=\dimen128
\interspacetitleboxruled=\dimen129
\algocf@inoutbox=\box31
\algocf@inputbox=\box32
\AlCapSkip=\skip62
\AlCapHSkip=\skip63
\algoskipindent=\skip64
\algocf@nlbox=\box33
\algocf@hangingbox=\box34
\algocf@untilbox=\box35
\algocf@skipuntil=\skip65
\algocf@capbox=\box36
\algoheightruledefault=\skip66
\algoheightrule=\skip67
\algotitleheightruledefault=\skip68
\algotitleheightrule=\skip69
\c@algocfline=\count107
\c@algocfproc=\count108
\c@algocf=\count109
\algocf@algoframe=\box37
\algocf@algobox=\box38
)
(G:\software\LearnSoftware\winEdit9.0\ctexInstallFile\CTEX\UserData\tex\latex\l
ineno\lineno.sty
Package: lineno 2005/11/02 line numbers on paragraphs v4.41
\linenopenalty=\count110
\output=\toks19
\linenoprevgraf=\count111
\linenumbersep=\dimen130
\linenumberwidth=\dimen131
\c@linenumber=\count112
\c@pagewiselinenumber=\count113
\c@LN@truepage=\count114
\c@internallinenumber=\count115
\c@internallinenumbers=\count116
\quotelinenumbersep=\dimen132
\bframerule=\dimen133
\bframesep=\dimen134
\bframebox=\box39
LaTeX Info: Redefining \\ on input line 3056.
)
(G:\software\LearnSoftware\winEdit9.0\ctexInstallFile\CTEX\MiKTeX\tex\latex\hyp
erref\hyperref.sty
Package: hyperref 2012/02/06 v6.82o Hypertext links for LaTeX

(G:\software\LearnSoftware\winEdit9.0\ctexInstallFile\CTEX\MiKTeX\tex\generic\o
berdiek\hobsub-hyperref.sty
Package: hobsub-hyperref 2011/04/23 v1.4 Bundle oberdiek, subset hyperref (HO)

(G:\software\LearnSoftware\winEdit9.0\ctexInstallFile\CTEX\MiKTeX\tex\generic\o
berdiek\hobsub-generic.sty
Package: hobsub-generic 2011/04/23 v1.4 Bundle oberdiek, subset generic (HO)
Package: hobsub 2011/04/23 v1.4 Subsetting bundle oberdiek (HO)
Package hobsub Info: Skipping package `infwarerr' (already loaded).
Package hobsub Info: Skipping package `ltxcmds' (already loaded).
Package: ifluatex 2010/03/01 v1.3 Provides the ifluatex switch (HO)
Package ifluatex Info: LuaTeX not detected.
Package hobsub Info: Skipping package `ifvtex' (already loaded).
Package: intcalc 2007/09/27 v1.1 Expandable integer calculations (HO)
Package hobsub Info: Skipping package `ifpdf' (already loaded).
Package: etexcmds 2011/02/16 v1.5 Prefix for e-TeX command names (HO)
Package etexcmds Info: Could not find \expanded.
(etexcmds)             That can mean that you are not using pdfTeX 1.50 or
(etexcmds)             that some package has redefined \expanded.
(etexcmds)             In the latter case, load this package earlier.
Package: kvsetkeys 2011/04/07 v1.13 Key value parser (HO)
Package: kvdefinekeys 2011/04/07 v1.3 Defining keys (HO)
Package: pdftexcmds 2011/04/22 v0.16 Utilities of pdfTeX for LuaTeX (HO)
Package pdftexcmds Info: LuaTeX not detected.
Package pdftexcmds Info: \pdf@primitive is available.
Package pdftexcmds Info: \pdf@ifprimitive is available.
Package pdftexcmds Info: \pdfdraftmode found.
Package: pdfescape 2011/04/04 v1.12 Provides string conversions (HO)
Package: bigintcalc 2011/01/30 v1.2 Expandable big integer calculations (HO)
Package: bitset 2011/01/30 v1.1 Data type bit set (HO)
Package: uniquecounter 2011/01/30 v1.2 Provides unlimited unique counter (HO)
)
Package hobsub Info: Skipping package `hobsub' (already loaded).
Package: letltxmacro 2010/09/02 v1.4 Let assignment for LaTeX macros (HO)
Package: hopatch 2011/01/30 v1.0 Wrapper for package hooks (HO)
Package: xcolor-patch 2011/01/30 xcolor patch
Package: atveryend 2011/04/23 v1.7 Hooks at very end of document (HO)
Package: atbegshi 2011/01/30 v1.15 At begin shipout hook (HO)
Package: refcount 2010/12/01 v3.2 Data extraction from references (HO)
Package: hycolor 2011/01/30 v1.7 Color options of hyperref/bookmark (HO)
)
(G:\software\LearnSoftware\winEdit9.0\ctexInstallFile\CTEX\MiKTeX\tex\latex\obe
rdiek\kvoptions.sty
Package: kvoptions 2010/12/23 v3.10 Keyval support for LaTeX options (HO)
)
\@linkdim=\dimen135
\Hy@linkcounter=\count117
\Hy@pagecounter=\count118

(G:\software\LearnSoftware\winEdit9.0\ctexInstallFile\CTEX\MiKTeX\tex\latex\hyp
erref\pd1enc.def
File: pd1enc.def 2012/02/06 v6.82o Hyperref: PDFDocEncoding definition (HO)
)
\Hy@SavedSpaceFactor=\count119

(G:\software\LearnSoftware\winEdit9.0\ctexInstallFile\CTEX\MiKTeX\tex\latex\00m
iktex\hyperref.cfg
File: hyperref.cfg 2002/06/06 v1.2 hyperref configuration of TeXLive
)
Package hyperref Info: Hyper figures OFF on input line 4046.
Package hyperref Info: Link nesting OFF on input line 4051.
Package hyperref Info: Hyper index ON on input line 4054.
Package hyperref Info: Plain pages OFF on input line 4061.
Package hyperref Info: Backreferencing OFF on input line 4066.
Package hyperref Info: Implicit mode ON; LaTeX internals redefined.
Package hyperref Info: Bookmarks ON on input line 4284.
\c@Hy@tempcnt=\count120

(G:\software\LearnSoftware\winEdit9.0\ctexInstallFile\CTEX\MiKTeX\tex\latex\ltx
misc\url.sty
\Urlmuskip=\muskip10
Package: url 2006/04/12  ver 3.3  Verb mode for urls, etc.
)
LaTeX Info: Redefining \url on input line 4637.
\Fld@menulength=\count121
\Field@Width=\dimen136
\Fld@charsize=\dimen137
Package hyperref Info: Hyper figures OFF on input line 5757.
Package hyperref Info: Link nesting OFF on input line 5762.
Package hyperref Info: Hyper index ON on input line 5765.
Package hyperref Info: backreferencing OFF on input line 5772.
Package hyperref Info: Link coloring OFF on input line 5777.
Package hyperref Info: Link coloring with OCG OFF on input line 5782.
Package hyperref Info: PDF/A mode OFF on input line 5787.
LaTeX Info: Redefining \ref on input line 5827.
LaTeX Info: Redefining \pageref on input line 5831.
\Hy@abspage=\count122
\c@Item=\count123
\c@Hfootnote=\count124
)

Package hyperref Message: Driver (autodetected): hpdftex.


(G:\software\LearnSoftware\winEdit9.0\ctexInstallFile\CTEX\MiKTeX\tex\latex\hyp
erref\hpdftex.def
File: hpdftex.def 2012/02/06 v6.82o Hyperref driver for pdfTeX
\Fld@listcount=\count125
\c@bookmark@seq@number=\count126

(G:\software\LearnSoftware\winEdit9.0\ctexInstallFile\CTEX\MiKTeX\tex\latex\obe
rdiek\rerunfilecheck.sty
Package: rerunfilecheck 2011/04/15 v1.7 Rerun checks for auxiliary files (HO)
Package uniquecounter Info: New unique counter `rerunfilecheck' on input line 2
82.
)
\Hy@SectionHShift=\skip70
)
\c@thm=\count127
\c@lem=\count128
\c@definition=\count129
\c@pot=\count130

(G:\software\LearnSoftware\winEdit9.0\workspace\2015-09-ISMajorModify\ISMKAGWC\
KaGPC\main.aux)
LaTeX Font Info:    Checking defaults for OML/cmm/m/it on input line 37.
LaTeX Font Info:    ... okay on input line 37.
LaTeX Font Info:    Checking defaults for T1/cmr/m/n on input line 37.
LaTeX Font Info:    ... okay on input line 37.
LaTeX Font Info:    Checking defaults for OT1/cmr/m/n on input line 37.
LaTeX Font Info:    ... okay on input line 37.
LaTeX Font Info:    Checking defaults for OMS/cmsy/m/n on input line 37.
LaTeX Font Info:    ... okay on input line 37.
LaTeX Font Info:    Checking defaults for OMX/cmex/m/n on input line 37.
LaTeX Font Info:    ... okay on input line 37.
LaTeX Font Info:    Checking defaults for U/cmr/m/n on input line 37.
LaTeX Font Info:    ... okay on input line 37.
LaTeX Font Info:    Checking defaults for PD1/pdf/m/n on input line 37.
LaTeX Font Info:    ... okay on input line 37.

(G:\software\LearnSoftware\winEdit9.0\ctexInstallFile\CTEX\MiKTeX\tex\context\b
ase\supp-pdf.mkii
[Loading MPS to PDF converter (version 2006.09.02).]
\scratchcounter=\count131
\scratchdimen=\dimen138
\scratchbox=\box40
\nofMPsegments=\count132
\nofMParguments=\count133
\everyMPshowfont=\toks20
\MPscratchCnt=\count134
\MPscratchDim=\dimen139
\MPnumerator=\count135
\makeMPintoPDFobject=\count136
\everyMPtoPDFconversion=\toks21
)
*geometry* driver: auto-detecting
*geometry* detected driver: pdftex
*geometry* verbose mode - [ preamble ] result:
* driver: pdftex
* paper: custom
* layout: <same size as paper>
* layoutoffset:(h,v)=(0.0pt,0.0pt)
* hratio: 1:1
* vratio: 1:1
* modes: 
* h-part:(L,W,R)=(64.75394pt, 468.0pt, 64.75394pt)
* v-part:(T,H,B)=(111.52342pt, 622.0pt, 111.52342pt)
* \paperwidth=597.50787pt
* \paperheight=845.04684pt
* \textwidth=468.0pt
* \textheight=622.0pt
* \oddsidemargin=-7.51605pt
* \evensidemargin=-7.51605pt
* \topmargin=-22.74657pt
* \headheight=50.0pt
* \headsep=12.0pt
* \topskip=10.0pt
* \footskip=18.0pt
* \marginparwidth=65.0pt
* \marginparsep=11.0pt
* \columnsep=24.0pt
* \skip\footins=24.0pt plus 2.0pt minus 12.0pt
* \hoffset=0.0pt
* \voffset=0.0pt
* \mag=1000
* \@twocolumnfalse
* \@twosidefalse
* \@mparswitchfalse
* \@reversemarginfalse
* (1in=72.27pt=25.4mm, 1cm=28.453pt)

\AtBeginShipoutBox=\box41
Package hyperref Info: Link coloring OFF on input line 37.

(G:\software\LearnSoftware\winEdit9.0\ctexInstallFile\CTEX\MiKTeX\tex\latex\hyp
erref\nameref.sty
Package: nameref 2010/04/30 v2.40 Cross-referencing by name of section

(G:\software\LearnSoftware\winEdit9.0\ctexInstallFile\CTEX\MiKTeX\tex\generic\o
berdiek\gettitlestring.sty
Package: gettitlestring 2010/12/03 v1.4 Cleanup title references (HO)
)
\c@section@level=\count137
)
LaTeX Info: Redefining \ref on input line 37.
LaTeX Info: Redefining \pageref on input line 37.
LaTeX Info: Redefining \nameref on input line 37.

(G:\software\LearnSoftware\winEdit9.0\workspace\2015-09-ISMajorModify\ISMKAGWC\
KaGPC\main.out)
(G:\software\LearnSoftware\winEdit9.0\workspace\2015-09-ISMajorModify\ISMKAGWC\
KaGPC\main.out)
\@outlinefile=\write4
LaTeX Font Info:    External font `cmex10' loaded for size
(Font)              <7> on input line 76.
LaTeX Font Info:    External font `cmex10' loaded for size
(Font)              <5> on input line 76.
LaTeX Font Info:    External font `cmex10' loaded for size
(Font)              <8> on input line 76.
LaTeX Font Info:    External font `cmex10' loaded for size
(Font)              <6> on input line 76.
Missing character: There is no ¡ in font cmr8!
Missing character: There is no ¯ in font cmr8!

(G:\software\LearnSoftware\winEdit9.0\workspace\2015-09-ISMajorModify\ISMKAGWC\
KaGPC\INTRODUCTION.tex [1

{G:/software/LearnSoftware/winEdit9.0/ctexInstallFile/CTEX/UserData/pdftex/conf
ig/pdftex.map{Unicode.sfd}{UGBK.sfd}}]
LaTeX Font Info:    Try loading font information for OMS+cmr on input line 43.

(G:\software\LearnSoftware\winEdit9.0\ctexInstallFile\CTEX\MiKTeX\tex\latex\bas
e\omscmr.fd
File: omscmr.fd 1999/05/25 v2.5h Standard LaTeX font definitions
)
LaTeX Font Info:    Font shape `OMS/cmr/m/n' in size <10> not available
(Font)              Font shape `OMS/cmsy/m/n' tried instead on input line 43.
 [2])
(G:\software\LearnSoftware\winEdit9.0\workspace\2015-09-ISMajorModify\ISMKAGWC\
KaGPC\PROBLEM_STATEMENT.tex [3] [4])
(G:\software\LearnSoftware\winEdit9.0\workspace\2015-09-ISMajorModify\ISMKAGWC\
KaGPC\RELATED_WORK.tex [5])
(G:\software\LearnSoftware\winEdit9.0\workspace\2015-09-ISMajorModify\ISMKAGWC\
KaGPC\PRE-PROCESSING.tex <KHT.pdf, id=205, 286.95306pt x 193.42764pt>
File: KHT.pdf Graphic file (type pdf)

<use KHT.pdf>
Package pdftex.def Info: KHT.pdf used on input line 43.
(pdftex.def)             Requested size: 252.9573pt x 108.40727pt.
 <HASH.pdf, id=207, 248.127pt x 71.0655pt>
File: HASH.pdf Graphic file (type pdf)
 <use HASH.pdf>
Package pdftex.def Info: HASH.pdf used on input line 51.
(pdftex.def)             Requested size: 252.94608pt x 43.36397pt.
 [6]
[7 <G:/software/LearnSoftware/winEdit9.0/workspace/2015-09-ISMajorModify/ISMKAG
WC/KaGPC/KHT.pdf> <G:/software/LearnSoftware/winEdit9.0/workspace/2015-09-ISMaj
orModify/ISMKAGWC/KaGPC/HASH.pdf>]

LaTeX Warning: Command \O invalid in math mode on input line 110.


LaTeX Warning: Command \O invalid in math mode on input line 132.

[8] <MergeList-Q.pdf, id=352, 307.77484pt x 39.90308pt>
File: MergeList-Q.pdf Graphic file (type pdf)
 <use MergeList-Q.pdf>
Package pdftex.def Info: MergeList-Q.pdf used on input line 156.
(pdftex.def)             Requested size: 216.81221pt x 36.13525pt.

<MergeList-S.pdf, id=353, 333.63745pt x 88.6753pt>
File: MergeList-S.pdf Graphic file (type pdf)
 <use MergeList-S.pdf>
Package pdftex.def Info: MergeList-S.pdf used on input line 159.
(pdftex.def)             Requested size: 216.81595pt x 86.72662pt.
)
(G:\software\LearnSoftware\winEdit9.0\workspace\2015-09-ISMajorModify\ISMKAGWC\
KaGPC\ALGORITHM.tex [9 <G:/software/LearnSoftware/winEdit9.0/workspace/2015-09-
ISMajorModify/ISMKAGWC/KaGPC/MergeList-Q.pdf> <G:/software/LearnSoftware/winEdi
t9.0/workspace/2015-09-ISMajorModify/ISMKAGWC/KaGPC/MergeList-S.pdf>] [10]
[11] <maxMargin.pdf, id=454, 521.14702pt x 479.391pt>
File: maxMargin.pdf Graphic file (type pdf)
 <use maxMargin.pdf>
Package pdftex.def Info: maxMargin.pdf used on input line 111.
(pdftex.def)             Requested size: 252.94684pt x 252.94952pt.

[12 <G:/software/LearnSoftware/winEdit9.0/workspace/2015-09-ISMajorModify/ISMKA
GWC/KaGPC/maxMargin.pdf>]
LaTeX Font Info:    Font shape `OMS/cmr/m/it' in size <10> not available
(Font)              Font shape `OMS/cmsy/m/n' tried instead on input line 166.
 [13])
(G:\software\LearnSoftware\winEdit9.0\workspace\2015-09-ISMajorModify\ISMKAGWC\
KaGPC\EMPIRICAL_STUDY.tex [14]

pdfTeX warning: pdflatex.exe (file G:/software/LearnSoftware/winEdit9.0/workspa
ce/2015-09-ISMajorModify/ISMKAGWC/KaGPC/TK-T.pdf): PDF inclusion: found PDF ver
sion <1.6>, but at most version <1.5> allowed
<TK-T.pdf, id=694, 259.74341pt x 233.50938pt>
File: TK-T.pdf Graphic file (type pdf)
 <use TK-T.pdf>
Package pdftex.def Info: TK-T.pdf used on input line 38.
(pdftex.def)             Requested size: 108.40186pt x 108.40257pt.


pdfTeX warning: pdflatex.exe (file G:/software/LearnSoftware/winEdit9.0/workspa
ce/2015-09-ISMajorModify/ISMKAGWC/KaGPC/TK-R.pdf): PDF inclusion: found PDF ver
sion <1.6>, but at most version <1.5> allowed
<TK-R.pdf, id=695, 259.74341pt x 233.50938pt>
File: TK-R.pdf Graphic file (type pdf)
 <use TK-R.pdf>
Package pdftex.def Info: TK-R.pdf used on input line 41.
(pdftex.def)             Requested size: 108.40186pt x 108.40257pt.


pdfTeX warning: pdflatex.exe (file G:/software/LearnSoftware/winEdit9.0/workspa
ce/2015-09-ISMajorModify/ISMKAGWC/KaGPC/DS-T.pdf): PDF inclusion: found PDF ver
sion <1.6>, but at most version <1.5> allowed
<DS-T.pdf, id=701, 259.74341pt x 233.50938pt>
File: DS-T.pdf Graphic file (type pdf)
 <use DS-T.pdf>
Package pdftex.def Info: DS-T.pdf used on input line 51.
(pdftex.def)             Requested size: 108.40186pt x 108.40257pt.


pdfTeX warning: pdflatex.exe (file G:/software/LearnSoftware/winEdit9.0/workspa
ce/2015-09-ISMajorModify/ISMKAGWC/KaGPC/DS-R.pdf): PDF inclusion: found PDF ver
sion <1.6>, but at most version <1.5> allowed
<DS-R.pdf, id=702, 259.74341pt x 233.50938pt>
File: DS-R.pdf Graphic file (type pdf)
 <use DS-R.pdf>
Package pdftex.def Info: DS-R.pdf used on input line 54.
(pdftex.def)             Requested size: 108.40186pt x 108.40257pt.


LaTeX Warning: `h' float specifier changed to `ht'.

[15 <G:/software/LearnSoftware/winEdit9.0/workspace/2015-09-ISMajorModify/ISMKA
GWC/KaGPC/TK-T.pdf> <G:/software/LearnSoftware/winEdit9.0/workspace/2015-09-ISM
ajorModify/ISMKAGWC/KaGPC/TK-R.pdf>]

pdfTeX warning: pdflatex.exe (file G:/software/LearnSoftware/winEdit9.0/workspa
ce/2015-09-ISMajorModify/ISMKAGWC/KaGPC/QK-T.pdf): PDF inclusion: found PDF ver
sion <1.6>, but at most version <1.5> allowed
<QK-T.pdf, id=731, 259.74341pt x 233.50938pt>
File: QK-T.pdf Graphic file (type pdf)
 <use QK-T.pdf>
Package pdftex.def Info: QK-T.pdf used on input line 64.
(pdftex.def)             Requested size: 108.40186pt x 108.40257pt.


pdfTeX warning: pdflatex.exe (file G:/software/LearnSoftware/winEdit9.0/workspa
ce/2015-09-ISMajorModify/ISMKAGWC/KaGPC/QK-R.pdf): PDF inclusion: found PDF ver
sion <1.6>, but at most version <1.5> allowed
<QK-R.pdf, id=732, 259.74341pt x 233.50938pt>
File: QK-R.pdf Graphic file (type pdf)
 <use QK-R.pdf>
Package pdftex.def Info: QK-R.pdf used on input line 67.
(pdftex.def)             Requested size: 108.40186pt x 108.40257pt.


pdfTeX warning: pdflatex.exe (file G:/software/LearnSoftware/winEdit9.0/workspa
ce/2015-09-ISMajorModify/ISMKAGWC/KaGPC/KD-T.pdf): PDF inclusion: found PDF ver
sion <1.6>, but at most version <1.5> allowed
<KD-T.pdf, id=740, 259.74341pt x 233.50938pt>
File: KD-T.pdf Graphic file (type pdf)
 <use KD-T.pdf>
Package pdftex.def Info: KD-T.pdf used on input line 77.
(pdftex.def)             Requested size: 108.40186pt x 108.40257pt.


pdfTeX warning: pdflatex.exe (file G:/software/LearnSoftware/winEdit9.0/workspa
ce/2015-09-ISMajorModify/ISMKAGWC/KaGPC/KD-R.pdf): PDF inclusion: found PDF ver
sion <1.6>, but at most version <1.5> allowed
<KD-R.pdf, id=741, 259.74341pt x 233.50938pt>
File: KD-R.pdf Graphic file (type pdf)
 <use KD-R.pdf>
Package pdftex.def Info: KD-R.pdf used on input line 80.
(pdftex.def)             Requested size: 108.40186pt x 108.40257pt.


LaTeX Warning: `h' float specifier changed to `ht'.

[16 <G:/software/LearnSoftware/winEdit9.0/workspace/2015-09-ISMajorModify/ISMKA
GWC/KaGPC/DS-T.pdf> <G:/software/LearnSoftware/winEdit9.0/workspace/2015-09-ISM
ajorModify/ISMKAGWC/KaGPC/DS-R.pdf> <G:/software/LearnSoftware/winEdit9.0/works
pace/2015-09-ISMajorModify/ISMKAGWC/KaGPC/QK-T.pdf> <G:/software/LearnSoftware/
winEdit9.0/workspace/2015-09-ISMajorModify/ISMKAGWC/KaGPC/QK-R.pdf>]

pdfTeX warning: pdflatex.exe (file G:/software/LearnSoftware/winEdit9.0/workspa
ce/2015-09-ISMajorModify/ISMKAGWC/KaGPC/TS-T.pdf): PDF inclusion: found PDF ver
sion <1.6>, but at most version <1.5> allowed
<TS-T.pdf, id=794, 259.74341pt x 233.50938pt>
File: TS-T.pdf Graphic file (type pdf)
 <use TS-T.pdf>
Package pdftex.def Info: TS-T.pdf used on input line 90.
(pdftex.def)             Requested size: 108.40186pt x 108.40257pt.


pdfTeX warning: pdflatex.exe (file G:/software/LearnSoftware/winEdit9.0/workspa
ce/2015-09-ISMajorModify/ISMKAGWC/KaGPC/TS-R.pdf): PDF inclusion: found PDF ver
sion <1.6>, but at most version <1.5> allowed
<TS-R.pdf, id=795, 259.74341pt x 233.50938pt>
File: TS-R.pdf Graphic file (type pdf)
 <use TS-R.pdf>
Package pdftex.def Info: TS-R.pdf used on input line 93.
(pdftex.def)             Requested size: 108.40186pt x 108.40257pt.


pdfTeX warning: pdflatex.exe (file G:/software/LearnSoftware/winEdit9.0/workspa
ce/2015-09-ISMajorModify/ISMKAGWC/KaGPC/CubeTree-T.pdf): PDF inclusion: found P
DF version <1.6>, but at most version <1.5> allowed
<CubeTree-T.pdf, id=801, 254.93945pt x 222.42497pt>
File: CubeTree-T.pdf Graphic file (type pdf)
 <use CubeTree-T.pdf>
Package pdftex.def Info: CubeTree-T.pdf used on input line 104.
(pdftex.def)             Requested size: 108.40422pt x 108.40543pt.


pdfTeX warning: pdflatex.exe (file G:/software/LearnSoftware/winEdit9.0/workspa
ce/2015-09-ISMajorModify/ISMKAGWC/KaGPC/MaxMargin-T.pdf): PDF inclusion: found 
PDF version <1.6>, but at most version <1.5> allowed
<MaxMargin-T.pdf, id=802, 254.93945pt x 222.42497pt>
File: MaxMargin-T.pdf Graphic file (type pdf)
 <use MaxMargin-T.pdf>
Package pdftex.def Info: MaxMargin-T.pdf used on input line 107.
(pdftex.def)             Requested size: 108.40422pt x 108.40543pt.


pdfTeX warning: pdflatex.exe (file G:/software/LearnSoftware/winEdit9.0/workspa
ce/2015-09-ISMajorModify/ISMKAGWC/KaGPC/MergeList-T.pdf): PDF inclusion: found 
PDF version <1.6>, but at most version <1.5> allowed
<MergeList-T.pdf, id=803, 254.93945pt x 222.42497pt>
File: MergeList-T.pdf Graphic file (type pdf)
 <use MergeList-T.pdf>
Package pdftex.def Info: MergeList-T.pdf used on input line 110.
(pdftex.def)             Requested size: 108.40422pt x 108.40543pt.


LaTeX Warning: `h' float specifier changed to `ht'.



pdfTeX warning: pdflatex.exe (file G:/software/LearnSoftware/winEdit9.0/workspa
ce/2015-09-ISMajorModify/ISMKAGWC/KaGPC/CubeTree-R.pdf): PDF inclusion: found P
DF version <1.6>, but at most version <1.5> allowed
<CubeTree-R.pdf, id=804, 254.93945pt x 222.42497pt>
File: CubeTree-R.pdf Graphic file (type pdf)
 <use CubeTree-R.pdf>
Package pdftex.def Info: CubeTree-R.pdf used on input line 118.
(pdftex.def)             Requested size: 108.40422pt x 108.40543pt.


pdfTeX warning: pdflatex.exe (file G:/software/LearnSoftware/winEdit9.0/workspa
ce/2015-09-ISMajorModify/ISMKAGWC/KaGPC/MaxMargin-R.pdf): PDF inclusion: found 
PDF version <1.6>, but at most version <1.5> allowed
<MaxMargin-R.pdf, id=805, 254.93945pt x 222.42497pt>
File: MaxMargin-R.pdf Graphic file (type pdf)
 <use MaxMargin-R.pdf>
Package pdftex.def Info: MaxMargin-R.pdf used on input line 121.
(pdftex.def)             Requested size: 108.40422pt x 108.40543pt.


pdfTeX warning: pdflatex.exe (file G:/software/LearnSoftware/winEdit9.0/workspa
ce/2015-09-ISMajorModify/ISMKAGWC/KaGPC/MergeList-R.pdf): PDF inclusion: found 
PDF version <1.6>, but at most version <1.5> allowed
<MergeList-R.pdf, id=806, 254.93945pt x 222.42497pt>
File: MergeList-R.pdf Graphic file (type pdf)
 <use MergeList-R.pdf>
Package pdftex.def Info: MergeList-R.pdf used on input line 124.
(pdftex.def)             Requested size: 108.40422pt x 108.40543pt.

[17 <G:/software/LearnSoftware/winEdit9.0/workspace/2015-09-ISMajorModify/ISMKA
GWC/KaGPC/KD-T.pdf> <G:/software/LearnSoftware/winEdit9.0/workspace/2015-09-ISM
ajorModify/ISMKAGWC/KaGPC/KD-R.pdf> <G:/software/LearnSoftware/winEdit9.0/works
pace/2015-09-ISMajorModify/ISMKAGWC/KaGPC/TS-T.pdf> <G:/software/LearnSoftware/
winEdit9.0/workspace/2015-09-ISMajorModify/ISMKAGWC/KaGPC/TS-R.pdf>]

pdfTeX warning: pdflatex.exe (file G:/software/LearnSoftware/winEdit9.0/workspa
ce/2015-09-ISMajorModify/ISMKAGWC/KaGPC/RQK-T.pdf): PDF inclusion: found PDF ve
rsion <1.6>, but at most version <1.5> allowed
<RQK-T.pdf, id=856, 259.74341pt x 233.50938pt>
File: RQK-T.pdf Graphic file (type pdf)
 <use RQK-T.pdf>
Package pdftex.def Info: RQK-T.pdf used on input line 153.
(pdftex.def)             Requested size: 108.40186pt x 108.40257pt.


pdfTeX warning: pdflatex.exe (file G:/software/LearnSoftware/winEdit9.0/workspa
ce/2015-09-ISMajorModify/ISMKAGWC/KaGPC/RQK-R.pdf): PDF inclusion: found PDF ve
rsion <1.6>, but at most version <1.5> allowed
<RQK-R.pdf, id=857, 259.74341pt x 233.50938pt>
File: RQK-R.pdf Graphic file (type pdf)
 <use RQK-R.pdf>
Package pdftex.def Info: RQK-R.pdf used on input line 156.
(pdftex.def)             Requested size: 108.40186pt x 108.40257pt.


pdfTeX warning: pdflatex.exe (file G:/software/LearnSoftware/winEdit9.0/workspa
ce/2015-09-ISMajorModify/ISMKAGWC/KaGPC/RTS-T.pdf): PDF inclusion: found PDF ve
rsion <1.6>, but at most version <1.5> allowed
<RTS-T.pdf, id=858, 259.74341pt x 233.50938pt>
File: RTS-T.pdf Graphic file (type pdf)
 <use RTS-T.pdf>
Package pdftex.def Info: RTS-T.pdf used on input line 164.
(pdftex.def)             Requested size: 108.40186pt x 108.40257pt.


pdfTeX warning: pdflatex.exe (file G:/software/LearnSoftware/winEdit9.0/workspa
ce/2015-09-ISMajorModify/ISMKAGWC/KaGPC/RTS-R.pdf): PDF inclusion: found PDF ve
rsion <1.6>, but at most version <1.5> allowed
<RTS-R.pdf, id=859, 259.74341pt x 233.50938pt>
File: RTS-R.pdf Graphic file (type pdf)
 <use RTS-R.pdf>
Package pdftex.def Info: RTS-R.pdf used on input line 167.
(pdftex.def)             Requested size: 108.40186pt x 108.40257pt.


LaTeX Warning: `h' float specifier changed to `ht'.

[18 <G:/software/LearnSoftware/winEdit9.0/workspace/2015-09-ISMajorModify/ISMKA
GWC/KaGPC/CubeTree-T.pdf> <G:/software/LearnSoftware/winEdit9.0/workspace/2015-
09-ISMajorModify/ISMKAGWC/KaGPC/MaxMargin-T.pdf> <G:/software/LearnSoftware/win
Edit9.0/workspace/2015-09-ISMajorModify/ISMKAGWC/KaGPC/MergeList-T.pdf> <G:/sof
tware/LearnSoftware/winEdit9.0/workspace/2015-09-ISMajorModify/ISMKAGWC/KaGPC/C
ubeTree-R.pdf> <G:/software/LearnSoftware/winEdit9.0/workspace/2015-09-ISMajorM
odify/ISMKAGWC/KaGPC/MaxMargin-R.pdf> <G:/software/LearnSoftware/winEdit9.0/wor
kspace/2015-09-ISMajorModify/ISMKAGWC/KaGPC/MergeList-R.pdf>])
(G:\software\LearnSoftware\winEdit9.0\workspace\2015-09-ISMajorModify\ISMKAGWC\
KaGPC\CONCLUSIONS_AND_FUTURE_WORK.tex [19 <G:/software/LearnSoftware/winEdit9.0
/workspace/2015-09-ISMajorModify/ISMKAGWC/KaGPC/RQK-T.pdf> <G:/software/LearnSo
ftware/winEdit9.0/workspace/2015-09-ISMajorModify/ISMKAGWC/KaGPC/RQK-R.pdf> <G:
/software/LearnSoftware/winEdit9.0/workspace/2015-09-ISMajorModify/ISMKAGWC/KaG
PC/RTS-T.pdf> <G:/software/LearnSoftware/winEdit9.0/workspace/2015-09-ISMajorMo
dify/ISMKAGWC/KaGPC/RTS-R.pdf>])
(G:\software\LearnSoftware\winEdit9.0\workspace\2015-09-ISMajorModify\ISMKAGWC\
KaGPC\main.bbl [20])
Package atveryend Info: Empty hook `BeforeClearDocument' on input line 106.
 [21]
Package atveryend Info: Empty hook `AfterLastShipout' on input line 106.

(G:\software\LearnSoftware\winEdit9.0\workspace\2015-09-ISMajorModify\ISMKAGWC\
KaGPC\main.aux)
Package atveryend Info: Executing hook `AtVeryEndDocument' on input line 106.
Package atveryend Info: Executing hook `AtEndAfterFileList' on input line 106.


Package rerunfilecheck Warning: File `main.out' has changed.
(rerunfilecheck)                Rerun to get outlines right
(rerunfilecheck)                or use package `bookmark'.

Package rerunfilecheck Info: Checksums for `main.out':
(rerunfilecheck)             Before: D28FB2213137F7F14210AFD50CCEE07B;985
(rerunfilecheck)             After:  715359C5EE01F0422C310C9B304D9C8F;973.

LaTeX Warning: Label(s) may have changed. Rerun to get cross-references right.

 ) 
Here is how much of TeX's memory you used:
 8488 strings out of 495354
 127585 string characters out of 3181059
 250295 words of memory out of 3000000
 11329 multiletter control sequences out of 15000+200000
 9249 words of font info for 32 fonts, out of 3000000 for 9000
 14 hyphenation exceptions out of 8191
 35i,24n,32p,1900b,599s stack positions out of 5000i,500n,10000p,200000b,50000s
pdfTeX warning (dest): name{figure.14} has been referenced but does not exist
, replaced by a fixed one

pdfTeX warning (dest): name{equation.5.9} has been referenced but does not exis
t, replaced by a fixed one

pdfTeX warning (dest): name{equation.5.8} has been referenced but does not exis
t, replaced by a fixed one

pdfTeX warning (dest): name{algocf.3} has been referenced but does not exist, r
eplaced by a fixed one

pdfTeX warning (dest): name{algocf.4} has been referenced but does not exist, r
eplaced by a fixed one

pdfTeX warning (dest): name{subsection.5.3} has been referenced but does not ex
ist, replaced by a fixed one

pdfTeX warning (dest): name{subsection.5.2} has been referenced but does not ex
ist, replaced by a fixed one

<G:/software/LearnSoftware/winEdit9.0/ctexInstallFile/CTEX/MiKTeX/fonts/type1/p
ublic/amsfonts/cm/cmbx10.pfb><G:/software/LearnSoftware/winEdit9.0/ctexInstallF
ile/CTEX/MiKTeX/fonts/type1/public/amsfonts/cm/cmbx7.pfb><G:/software/LearnSoft
ware/winEdit9.0/ctexInstallFile/CTEX/MiKTeX/fonts/type1/public/amsfonts/cm/cmbx
ti10.pfb><G:/software/LearnSoftware/winEdit9.0/ctexInstallFile/CTEX/MiKTeX/font
s/type1/public/amsfonts/cm/cmcsc10.pfb><G:/software/LearnSoftware/winEdit9.0/ct
exInstallFile/CTEX/MiKTeX/fonts/type1/public/amsfonts/cm/cmex10.pfb><G:/softwar
e/LearnSoftware/winEdit9.0/ctexInstallFile/CTEX/MiKTeX/fonts/type1/public/amsfo
nts/cm/cmmi10.pfb><G:/software/LearnSoftware/winEdit9.0/ctexInstallFile/CTEX/Mi
KTeX/fonts/type1/public/amsfonts/cm/cmmi5.pfb><G:/software/LearnSoftware/winEdi
t9.0/ctexInstallFile/CTEX/MiKTeX/fonts/type1/public/amsfonts/cm/cmmi7.pfb><G:/s
oftware/LearnSoftware/winEdit9.0/ctexInstallFile/CTEX/MiKTeX/fonts/type1/public
/amsfonts/cm/cmmi8.pfb><G:/software/LearnSoftware/winEdit9.0/ctexInstallFile/CT
EX/MiKTeX/fonts/type1/public/amsfonts/cm/cmr10.pfb><G:/software/LearnSoftware/w
inEdit9.0/ctexInstallFile/CTEX/MiKTeX/fonts/type1/public/amsfonts/cm/cmr12.pfb>
<G:/software/LearnSoftware/winEdit9.0/ctexInstallFile/CTEX/MiKTeX/fonts/type1/p
ublic/amsfonts/cm/cmr5.pfb><G:/software/LearnSoftware/winEdit9.0/ctexInstallFil
e/CTEX/MiKTeX/fonts/type1/public/amsfonts/cm/cmr6.pfb><G:/software/LearnSoftwar
e/winEdit9.0/ctexInstallFile/CTEX/MiKTeX/fonts/type1/public/amsfonts/cm/cmr7.pf
b><G:/software/LearnSoftware/winEdit9.0/ctexInstallFile/CTEX/MiKTeX/fonts/type1
/public/amsfonts/cm/cmr8.pfb><G:/software/LearnSoftware/winEdit9.0/ctexInstallF
ile/CTEX/MiKTeX/fonts/type1/public/amsfonts/cm/cmss10.pfb><G:/software/LearnSof
tware/winEdit9.0/ctexInstallFile/CTEX/MiKTeX/fonts/type1/public/amsfonts/cm/cms
y10.pfb><G:/software/LearnSoftware/winEdit9.0/ctexInstallFile/CTEX/MiKTeX/fonts
/type1/public/amsfonts/cm/cmsy6.pfb><G:/software/LearnSoftware/winEdit9.0/ctexI
nstallFile/CTEX/MiKTeX/fonts/type1/public/amsfonts/cm/cmsy7.pfb><G:/software/Le
arnSoftware/winEdit9.0/ctexInstallFile/CTEX/MiKTeX/fonts/type1/public/amsfonts/
cm/cmti10.pfb><G:/software/LearnSoftware/winEdit9.0/ctexInstallFile/CTEX/MiKTeX
/fonts/type1/public/amsfonts/cm/cmti7.pfb><G:/software/LearnSoftware/winEdit9.0
/ctexInstallFile/CTEX/MiKTeX/fonts/type1/public/amsfonts/cm/cmti8.pfb><G:/softw
are/LearnSoftware/winEdit9.0/ctexInstallFile/CTEX/MiKTeX/fonts/type1/public/ams
fonts/cm/cmtt8.pfb>
Output written on main.pdf (21 pages, 850838 bytes).
PDF statistics:
 1101 PDF objects out of 1200 (max. 8388607)
 201 named destinations out of 1000 (max. 500000)
 246 words of extra memory for PDF output out of 10000 (max. 10000000)

